<?xml version="1.0" encoding="UTF-8"?>
<testng-results skipped="0" failed="0" total="2" passed="2">
  <reporter-output>
  </reporter-output>
  <suite name="Default suite" duration-ms="11222" started-at="2016-11-23T12:10:15Z" finished-at="2016-11-23T12:10:26Z">
    <groups>
    </groups>
    <test name="Default test" duration-ms="11222" started-at="2016-11-23T12:10:15Z" finished-at="2016-11-23T12:10:26Z">
      <class name="academy.softserve.tests.GoogleSearchTest">
        <test-method status="PASS" signature="setup()[pri:0, instance:academy.softserve.tests.GoogleSearchTest@5a39699c]" name="setup" is-config="true" duration-ms="6135" started-at="2016-11-23T14:10:15Z" finished-at="2016-11-23T14:10:21Z">
          <reporter-output>
          </reporter-output>
        </test-method> <!-- setup -->
        <test-method status="PASS" signature="test_Google_Page()[pri:0, instance:academy.softserve.tests.GoogleSearchTest@5a39699c]" name="test_Google_Page" duration-ms="168" started-at="2016-11-23T14:10:21Z" finished-at="2016-11-23T14:10:21Z">
          <reporter-output>
          </reporter-output>
        </test-method> <!-- test_Google_Page -->
        <test-method status="PASS" signature="test_search_funny_images()[pri:0, instance:academy.softserve.tests.GoogleSearchTest@5a39699c]" name="test_search_funny_images" duration-ms="3797" started-at="2016-11-23T14:10:21Z" finished-at="2016-11-23T14:10:25Z">
          <reporter-output>
          </reporter-output>
        </test-method> <!-- test_search_funny_images -->
        <test-method status="PASS" signature="teardown()[pri:0, instance:academy.softserve.tests.GoogleSearchTest@5a39699c]" name="teardown" is-config="true" duration-ms="1100" started-at="2016-11-23T14:10:25Z" finished-at="2016-11-23T14:10:26Z">
          <reporter-output>
          </reporter-output>
        </test-method> <!-- teardown -->
      </class> <!-- academy.softserve.tests.GoogleSearchTest -->
    </test> <!-- Default test -->
  </suite> <!-- Default suite -->
</testng-results>
