<?xml version="1.0" encoding="UTF-8"?>
<testng-results skipped="0" failed="0" total="1" passed="1">
  <reporter-output>
  </reporter-output>
  <suite name="Default suite" duration-ms="22730" started-at="2016-11-24T21:39:46Z" finished-at="2016-11-24T21:40:09Z">
    <groups>
    </groups>
    <test name="Default test" duration-ms="22730" started-at="2016-11-24T21:39:46Z" finished-at="2016-11-24T21:40:09Z">
      <class name="academy.softserve.tests.GoogleSearchTest">
        <test-method status="PASS" signature="setUpDriver()[pri:0, instance:academy.softserve.tests.GoogleSearchTest@2752f6e2]" name="setUpDriver" is-config="true" duration-ms="8055" started-at="2016-11-24T23:39:47Z" finished-at="2016-11-24T23:39:55Z">
          <reporter-output>
          </reporter-output>
        </test-method> <!-- setUpDriver -->
        <test-method status="PASS" signature="turnOffGoogleLiveSearch()[pri:0, instance:academy.softserve.tests.GoogleSearchTest@2752f6e2]" name="turnOffGoogleLiveSearch" is-config="true" duration-ms="5604" started-at="2016-11-24T23:39:55Z" finished-at="2016-11-24T23:40:00Z">
          <reporter-output>
          </reporter-output>
        </test-method> <!-- turnOffGoogleLiveSearch -->
        <test-method status="PASS" signature="test_change_link_color()[pri:0, instance:academy.softserve.tests.GoogleSearchTest@2752f6e2]" name="test_change_link_color" duration-ms="5391" started-at="2016-11-24T23:40:00Z" finished-at="2016-11-24T23:40:06Z">
          <reporter-output>
          </reporter-output>
        </test-method> <!-- test_change_link_color -->
        <test-method status="PASS" signature="tearDown()[pri:0, instance:academy.softserve.tests.GoogleSearchTest@2752f6e2]" name="tearDown" is-config="true" duration-ms="3564" started-at="2016-11-24T23:40:06Z" finished-at="2016-11-24T23:40:09Z">
          <reporter-output>
          </reporter-output>
        </test-method> <!-- tearDown -->
      </class> <!-- academy.softserve.tests.GoogleSearchTest -->
    </test> <!-- Default test -->
  </suite> <!-- Default suite -->
</testng-results>
